
-------------------------------------------------------------------
[Downloader2] Loaded configuration: normal
[Bootstrapper] createLauncher
[Bootstrapper] choose jvm:C:\Users\julia\AppData\Roaming\.tlauncher\jvms\jre1.8.0_281\bin\javaw.exe
[Bootstrapper] validate files
[Bootstrapper] end validated files
[Bootstrapper] Starting launcher...
[Double running] clear time label
> Loading configuration from file: C:\Users\julia\AppData\Roaming\.tlauncher\tlauncher-2.0.properties
> [Configuration] Constant values: {}
> [Loading] INITIALIZING
> Starting TLauncher 2.89 RELEASE
> For more information, visit https://tlauncher.org/
> Startup time: 31.08.2023 7:43:46
> Running folder C:\Users\julia\Desktop\pythone
> ---
> [Loading] LOADING_CONFIGURATION
> Machine info: -------------------------------------------------------
> Windows 10 10.0, Java 1.8.0_281, jvm bit x64, 16297 MB RAM
> java path=C:\Users\julia\AppData\Roaming\.tlauncher\jvms\jre1.8.0_281\bin\javaw.exe
> Intel(R) Core(TM) i5-2410M CPU @ 2.30GHz
>  Intel(R) HD Graphics 3000, Intel(R) HD Graphics Family, 1664 MB, NVIDIA GeForce GT 520MX, GeForce GT 520MX, 9127 MB
> -------------------------------------------------------
> Selected locale: ru
> [Loading] LOADING_CONSOLE
> [Downloader2] Loaded configuration: good
> [Updater] Requesting an update...
> [Updater] Requesting from: https://repo.tlauncher.org/update/lch/release_update_2.3.json
> [Updater] Making request: https://repo.tlauncher.org/update/lch/release_update_2.3.json?version=2.89&client=0e25b944-8767-4c82-a3bd-e8bf34380bdf
> [Updater] Failed to request from: https://repo.tlauncher.org/update/lch/release_update_2.3.json
> java.net.UnknownHostException: repo.tlauncher.org
> at java.net.AbstractPlainSocketImpl.connect(AbstractPlainSocketImpl.java:196)
> at java.net.PlainSocketImpl.connect(PlainSocketImpl.java:162)
> at java.net.SocksSocketImpl.connect(SocksSocketImpl.java:394)
> at java.net.Socket.connect(Socket.java:606)
> at sun.security.ssl.SSLSocketImpl.connect(SSLSocketImpl.java:287)
> at sun.net.NetworkClient.doConnect(NetworkClient.java:175)
> at sun.net.www.http.HttpClient.openServer(HttpClient.java:463)
> at sun.net.www.http.HttpClient.openServer(HttpClient.java:558)
> at sun.net.www.protocol.https.HttpsClient.<init>(HttpsClient.java:292)
> at sun.net.www.protocol.https.HttpsClient.New(HttpsClient.java:395)
> at sun.net.www.protocol.https.AbstractDelegateHttpsURLConnection.getNewHttpClient(AbstractDelegateHttpsURLConnection.java:191)
> at sun.net.www.protocol.http.HttpURLConnection.plainConnect0(HttpURLConnection.java:1205)
> at sun.net.www.protocol.http.HttpURLConnection.plainConnect(HttpURLConnection.java:1056)
> at sun.net.www.protocol.https.AbstractDelegateHttpsURLConnection.connect(AbstractDelegateHttpsURLConnection.java:177)
> at sun.net.www.protocol.http.HttpURLConnection.getInputStream0(HttpURLConnection.java:1570)
> at sun.net.www.protocol.http.HttpURLConnection.getInputStream(HttpURLConnection.java:1498)
> at sun.net.www.protocol.https.HttpsURLConnectionImpl.getInputStream(HttpsURLConnectionImpl.java:268)
> at org.tlauncher.tlauncher.updater.client.Updater.findUpdate0(Updater.java:58)
> at org.tlauncher.tlauncher.updater.client.AutoUpdater.findUpdate0(AutoUpdater.java:84)
> at org.tlauncher.tlauncher.updater.client.Updater.findUpdate(Updater.java:86)
> at org.tlauncher.tlauncher.updater.client.Updater.lambda$asyncFindUpdate$0(Updater.java:96)
> at java.util.concurrent.ThreadPoolExecutor.runWorker(ThreadPoolExecutor.java:1149)
> at java.util.concurrent.ThreadPoolExecutor$Worker.run(ThreadPoolExecutor.java:624)
> at org.tlauncher.util.async.RunnableThread.run(RunnableThread.java:15)
> Thread called by: org.tlauncher.util.async.ExtendedThread$ExtendedThreadCaller
> at org.tlauncher.util.async.ExtendedThread.<init>(ExtendedThread.java:17)
> at org.tlauncher.util.async.ExtendedThread.<init>(ExtendedThread.java:21)
> at org.tlauncher.util.async.RunnableThread.<init>(RunnableThread.java:7)
> at org.tlauncher.util.async.AsyncThread$1.newThread(AsyncThread.java:12)
> at java.util.concurrent.ThreadPoolExecutor$Worker.<init>(ThreadPoolExecutor.java:619)
> at java.util.concurrent.ThreadPoolExecutor.addWorker(ThreadPoolExecutor.java:932)
> at java.util.concurrent.ThreadPoolExecutor.execute(ThreadPoolExecutor.java:1378)
> at org.tlauncher.util.async.AsyncThread.execute(AsyncThread.java:17)
> at org.tlauncher.tlauncher.updater.client.Updater.asyncFindUpdate(Updater.java:96)
> at org.tlauncher.tlauncher.rmo.TLauncher.<init>(TLauncher.java:188)
> at org.tlauncher.tlauncher.rmo.TLauncher$$FastClassByGuice$$7106277c.newInstance(<generated>)
> at com.google.inject.internal.DefaultConstructionProxyFactory$FastClassProxy.newInstance(DefaultConstructionProxyFactory.java:89)
> at com.google.inject.internal.ConstructorInjector.provision(ConstructorInjector.java:111)
> at com.google.inject.internal.ConstructorInjector.construct(ConstructorInjector.java:90)
> at com.google.inject.internal.ConstructorBindingImpl$Factory.get(ConstructorBindingImpl.java:268)
> at com.google.inject.internal.InjectorImpl$2$1.call(InjectorImpl.java:1019)
> at com.google.inject.internal.InjectorImpl.callInContext(InjectorImpl.java:1092)
> at com.google.inject.internal.InjectorImpl$2.get(InjectorImpl.java:1015)
> at com.google.inject.assistedinject.FactoryProvider2.invoke(FactoryProvider2.java:776)
> at com.sun.proxy.$Proxy9.create(Unknown Source)
> at org.tlauncher.util.guice.GuiceModule.getTlauncher(GuiceModule.java:151)
> at org.tlauncher.util.guice.GuiceModule$$FastClassByGuice$$58e5bf0.invoke(<generated>)
> ... and 14 more
> 
> [Updater] Request time: 8 ms
> [Updater] Requesting from: https://tlauncher.org/repo/update/lch/release_update_2.3.json
> [Updater] Making request: https://tlauncher.org/repo/update/lch/release_update_2.3.json?version=2.89&client=0e25b944-8767-4c82-a3bd-e8bf34380bdf
> [Updater] Failed to request from: https://tlauncher.org/repo/update/lch/release_update_2.3.json
> java.net.UnknownHostException: tlauncher.org
> at java.net.AbstractPlainSocketImpl.connect(AbstractPlainSocketImpl.java:196)
> at java.net.PlainSocketImpl.connect(PlainSocketImpl.java:162)
> at java.net.SocksSocketImpl.connect(SocksSocketImpl.java:394)
> at java.net.Socket.connect(Socket.java:606)
> at sun.security.ssl.SSLSocketImpl.connect(SSLSocketImpl.java:287)
> at sun.net.NetworkClient.doConnect(NetworkClient.java:175)
> at sun.net.www.http.HttpClient.openServer(HttpClient.java:463)
> at sun.net.www.http.HttpClient.openServer(HttpClient.java:558)
> at sun.net.www.protocol.https.HttpsClient.<init>(HttpsClient.java:292)
> at sun.net.www.protocol.https.HttpsClient.New(HttpsClient.java:395)
> at sun.net.www.protocol.https.AbstractDelegateHttpsURLConnection.getNewHttpClient(AbstractDelegateHttpsURLConnection.java:191)
> at sun.net.www.protocol.http.HttpURLConnection.plainConnect0(HttpURLConnection.java:1205)
> at sun.net.www.protocol.http.HttpURLConnection.plainConnect(HttpURLConnection.java:1056)
> at sun.net.www.protocol.https.AbstractDelegateHttpsURLConnection.connect(AbstractDelegateHttpsURLConnection.java:177)
> at sun.net.www.protocol.http.HttpURLConnection.getInputStream0(HttpURLConnection.java:1570)
> at sun.net.www.protocol.http.HttpURLConnection.getInputStream(HttpURLConnection.java:1498)
> at sun.net.www.protocol.https.HttpsURLConnectionImpl.getInputStream(HttpsURLConnectionImpl.java:268)
> at org.tlauncher.tlauncher.updater.client.Updater.findUpdate0(Updater.java:58)
> at org.tlauncher.tlauncher.updater.client.AutoUpdater.findUpdate0(AutoUpdater.java:84)
> at org.tlauncher.tlauncher.updater.client.Updater.findUpdate(Updater.java:86)
> at org.tlauncher.tlauncher.updater.client.Updater.lambda$asyncFindUpdate$0(Updater.java:96)
> at java.util.concurrent.ThreadPoolExecutor.runWorker(ThreadPoolExecutor.java:1149)
> at java.util.concurrent.ThreadPoolExecutor$Worker.run(ThreadPoolExecutor.java:624)
> at org.tlauncher.util.async.RunnableThread.run(RunnableThread.java:15)
> Thread called by: org.tlauncher.util.async.ExtendedThread$ExtendedThreadCaller
> at org.tlauncher.util.async.ExtendedThread.<init>(ExtendedThread.java:17)
> at org.tlauncher.util.async.ExtendedThread.<init>(ExtendedThread.java:21)
> at org.tlauncher.util.async.RunnableThread.<init>(RunnableThread.java:7)
> at org.tlauncher.util.async.AsyncThread$1.newThread(AsyncThread.java:12)
> at java.util.concurrent.ThreadPoolExecutor$Worker.<init>(ThreadPoolExecutor.java:619)
> at java.util.concurrent.ThreadPoolExecutor.addWorker(ThreadPoolExecutor.java:932)
> at java.util.concurrent.ThreadPoolExecutor.execute(ThreadPoolExecutor.java:1378)
> at org.tlauncher.util.async.AsyncThread.execute(AsyncThread.java:17)
> at org.tlauncher.tlauncher.updater.client.Updater.asyncFindUpdate(Updater.java:96)
> at org.tlauncher.tlauncher.rmo.TLauncher.<init>(TLauncher.java:188)
> at org.tlauncher.tlauncher.rmo.TLauncher$$FastClassByGuice$$7106277c.newInstance(<generated>)
> at com.google.inject.internal.DefaultConstructionProxyFactory$FastClassProxy.newInstance(DefaultConstructionProxyFactory.java:89)
> at com.google.inject.internal.ConstructorInjector.provision(ConstructorInjector.java:111)
> at com.google.inject.internal.ConstructorInjector.construct(ConstructorInjector.java:90)
> at com.google.inject.internal.ConstructorBindingImpl$Factory.get(ConstructorBindingImpl.java:268)
> at com.google.inject.internal.InjectorImpl$2$1.call(InjectorImpl.java:1019)
> at com.google.inject.internal.InjectorImpl.callInContext(InjectorImpl.java:1092)
> at com.google.inject.internal.InjectorImpl$2.get(InjectorImpl.java:1015)
> at com.google.inject.assistedinject.FactoryProvider2.invoke(FactoryProvider2.java:776)
> at com.sun.proxy.$Proxy9.create(Unknown Source)
> at org.tlauncher.util.guice.GuiceModule.getTlauncher(GuiceModule.java:151)
> at org.tlauncher.util.guice.GuiceModule$$FastClassByGuice$$58e5bf0.invoke(<generated>)
> ... and 14 more
> 
> [Updater] Request time: 15 ms
> [Updater] Requesting from: http://advancedrepository.com/update/lch/release_update_2.3.json
> [Updater] Making request: http://advancedrepository.com/update/lch/release_update_2.3.json?version=2.89&client=0e25b944-8767-4c82-a3bd-e8bf34380bdf
> [Updater] Failed to request from: http://advancedrepository.com/update/lch/release_update_2.3.json
> java.net.UnknownHostException: advancedrepository.com
> at java.net.AbstractPlainSocketImpl.connect(AbstractPlainSocketImpl.java:196)
> at java.net.PlainSocketImpl.connect(PlainSocketImpl.java:162)
> at java.net.SocksSocketImpl.connect(SocksSocketImpl.java:394)
> at java.net.Socket.connect(Socket.java:606)
> at sun.net.NetworkClient.doConnect(NetworkClient.java:175)
> at sun.net.www.http.HttpClient.openServer(HttpClient.java:463)
> at sun.net.www.http.HttpClient.openServer(HttpClient.java:558)
> at sun.net.www.http.HttpClient.<init>(HttpClient.java:242)
> at sun.net.www.http.HttpClient.New(HttpClient.java:339)
> at sun.net.www.http.HttpClient.New(HttpClient.java:357)
> at sun.net.www.protocol.http.HttpURLConnection.getNewHttpClient(HttpURLConnection.java:1226)
> at sun.net.www.protocol.http.HttpURLConnection.plainConnect0(HttpURLConnection.java:1205)
> at sun.net.www.protocol.http.HttpURLConnection.plainConnect(HttpURLConnection.java:1056)
> at sun.net.www.protocol.http.HttpURLConnection.connect(HttpURLConnection.java:990)
> at sun.net.www.protocol.http.HttpURLConnection.getInputStream0(HttpURLConnection.java:1570)
> at sun.net.www.protocol.http.HttpURLConnection.getInputStream(HttpURLConnection.java:1498)
> at org.tlauncher.tlauncher.updater.client.Updater.findUpdate0(Updater.java:58)
> at org.tlauncher.tlauncher.updater.client.AutoUpdater.findUpdate0(AutoUpdater.java:84)
> at org.tlauncher.tlauncher.updater.client.Updater.findUpdate(Updater.java:86)
> at org.tlauncher.tlauncher.updater.client.Updater.lambda$asyncFindUpdate$0(Updater.java:96)
> at java.util.concurrent.ThreadPoolExecutor.runWorker(ThreadPoolExecutor.java:1149)
> at java.util.concurrent.ThreadPoolExecutor$Worker.run(ThreadPoolExecutor.java:624)
> at org.tlauncher.util.async.RunnableThread.run(RunnableThread.java:15)
> Thread called by: org.tlauncher.util.async.ExtendedThread$ExtendedThreadCaller
> at org.tlauncher.util.async.ExtendedThread.<init>(ExtendedThread.java:17)
> at org.tlauncher.util.async.ExtendedThread.<init>(ExtendedThread.java:21)
> at org.tlauncher.util.async.RunnableThread.<init>(RunnableThread.java:7)
> at org.tlauncher.util.async.AsyncThread$1.newThread(AsyncThread.java:12)
> at java.util.concurrent.ThreadPoolExecutor$Worker.<init>(ThreadPoolExecutor.java:619)
> at java.util.concurrent.ThreadPoolExecutor.addWorker(ThreadPoolExecutor.java:932)
> at java.util.concurrent.ThreadPoolExecutor.execute(ThreadPoolExecutor.java:1378)
> at org.tlauncher.util.async.AsyncThread.execute(AsyncThread.java:17)
> at org.tlauncher.tlauncher.updater.client.Updater.asyncFindUpdate(Updater.java:96)
> at org.tlauncher.tlauncher.rmo.TLauncher.<init>(TLauncher.java:188)
> at org.tlauncher.tlauncher.rmo.TLauncher$$FastClassByGuice$$7106277c.newInstance(<generated>)
> at com.google.inject.internal.DefaultConstructionProxyFactory$FastClassProxy.newInstance(DefaultConstructionProxyFactory.java:89)
> at com.google.inject.internal.ConstructorInjector.provision(ConstructorInjector.java:111)
> at com.google.inject.internal.ConstructorInjector.construct(ConstructorInjector.java:90)
> at com.google.inject.internal.ConstructorBindingImpl$Factory.get(ConstructorBindingImpl.java:268)
> at com.google.inject.internal.InjectorImpl$2$1.call(InjectorImpl.java:1019)
> at com.google.inject.internal.InjectorImpl.callInContext(InjectorImpl.java:1092)
> at com.google.inject.internal.InjectorImpl$2.get(InjectorImpl.java:1015)
> at com.google.inject.assistedinject.FactoryProvider2.invoke(FactoryProvider2.java:776)
> at com.sun.proxy.$Proxy9.create(Unknown Source)
> at org.tlauncher.util.guice.GuiceModule.getTlauncher(GuiceModule.java:151)
> at org.tlauncher.util.guice.GuiceModule$$FastClassByGuice$$58e5bf0.invoke(<generated>)
> ... and 14 more
> 
> [Updater] Request time: 2 ms
> [Browser] Loading resources...
> [Browser] Cleaning up after loading:
> Starting garbage collector: 37 / 193 MB
> Garbage collector completed: 22 / 228 MB
> [Loading] LOADING_MANAGERS
> [LocalVersionList] Base directory: C:\Users\julia\AppData\Roaming\.minecraft
> [ProfileManager] Refreshing profiles from: C:\Users\julia\AppData\Roaming\.minecraft\TlauncherProfiles.json
> [AdvertisingStatusObserver]  started to get ad information
> [GsonUtil]  request to https://repo.tlauncher.org/update/downloads/libraries/org/tlauncher/authlib/libraries-1.7.json
> [GsonUtil]  request to http://tlauncher.org/repo/update/downloads/libraries/org/tlauncher/authlib/libraries-1.7.json
> [GsonUtil]  request to http://advancedrepository.com/update/downloads/libraries/org/tlauncher/authlib/libraries-1.7.json
> [TLauncherManager] Failed to refresh TLancher manager
> java.io.IOException: couldn't download 
> at org.tlauncher.util.gson.DownloadUtil.readTextByKey(DownloadUtil.java:82)
> at org.tlauncher.util.gson.DownloadUtil.loadObjectByKey(DownloadUtil.java:38)
> at org.tlauncher.tlauncher.managers.TLauncherManager.refresh(TLauncherManager.java:129)
> at java.util.concurrent.ThreadPoolExecutor.runWorker(ThreadPoolExecutor.java:1149)
> at java.util.concurrent.ThreadPoolExecutor$Worker.run(ThreadPoolExecutor.java:624)
> at org.tlauncher.util.async.RunnableThread.run(RunnableThread.java:15)
> Caused by: java.net.UnknownHostException: advancedrepository.com
> at sun.reflect.NativeConstructorAccessorImpl.newInstance0(Native Method)
> at sun.reflect.NativeConstructorAccessorImpl.newInstance(NativeConstructorAccessorImpl.java:62)
> at sun.reflect.DelegatingConstructorAccessorImpl.newInstance(DelegatingConstructorAccessorImpl.java:45)
> at java.lang.reflect.Constructor.newInstance(Constructor.java:423)
> at sun.net.www.protocol.http.HttpURLConnection$10.run(HttpURLConnection.java:1950)
> at sun.net.www.protocol.http.HttpURLConnection$10.run(HttpURLConnection.java:1945)
> at java.security.AccessController.doPrivileged(Native Method)
> at sun.net.www.protocol.http.HttpURLConnection.getChainedException(HttpURLConnection.java:1944)
> at sun.net.www.protocol.http.HttpURLConnection.getInputStream0(HttpURLConnection.java:1514)
> at sun.net.www.protocol.http.HttpURLConnection.getInputStream(HttpURLConnection.java:1498)
> at net.minecraft.launcher.Http.performGet(Http.java:76)
> at org.tlauncher.util.gson.DownloadUtil.readTextByKey(DownloadUtil.java:77)
> at org.tlauncher.util.gson.DownloadUtil.loadObjectByKey(DownloadUtil.java:38)
> at org.tlauncher.tlauncher.managers.TLauncherManager.refresh(TLauncherManager.java:129)
> at java.util.concurrent.ThreadPoolExecutor.runWorker(ThreadPoolExecutor.java:1149)
> at java.util.concurrent.ThreadPoolExecutor$Worker.run(ThreadPoolExecutor.java:624)
> at org.tlauncher.util.async.RunnableThread.run(RunnableThread.java:15)
> Caused by: java.net.UnknownHostException: advancedrepository.com
> at java.net.AbstractPlainSocketImpl.connect(AbstractPlainSocketImpl.java:196)
> at java.net.PlainSocketImpl.connect(PlainSocketImpl.java:162)
> at java.net.SocksSocketImpl.connect(SocksSocketImpl.java:394)
> at java.net.Socket.connect(Socket.java:606)
> at sun.net.NetworkClient.doConnect(NetworkClient.java:175)
> at sun.net.www.http.HttpClient.openServer(HttpClient.java:463)
> at sun.net.www.http.HttpClient.openServer(HttpClient.java:558)
> at sun.net.www.http.HttpClient.<init>(HttpClient.java:242)
> at sun.net.www.http.HttpClient.New(HttpClient.java:339)
> at sun.net.www.http.HttpClient.New(HttpClient.java:357)
> at sun.net.www.protocol.http.HttpURLConnection.getNewHttpClient(HttpURLConnection.java:1226)
> at sun.net.www.protocol.http.HttpURLConnection.plainConnect0(HttpURLConnection.java:1205)
> at sun.net.www.protocol.http.HttpURLConnection.plainConnect(HttpURLConnection.java:1056)
> at sun.net.www.protocol.http.HttpURLConnection.connect(HttpURLConnection.java:990)
> at sun.net.www.protocol.http.HttpURLConnection.getInputStream0(HttpURLConnection.java:1570)
> at sun.net.www.protocol.http.HttpURLConnection.getInputStream(HttpURLConnection.java:1498)
> at sun.net.www.protocol.http.HttpURLConnection.getHeaderField(HttpURLConnection.java:3061)
> at java.net.URLConnection.getContentType(URLConnection.java:511)
> at net.minecraft.launcher.Http.performGet(Http.java:70)
> at org.tlauncher.util.gson.DownloadUtil.readTextByKey(DownloadUtil.java:77)
> at org.tlauncher.util.gson.DownloadUtil.loadObjectByKey(DownloadUtil.java:38)
> at org.tlauncher.tlauncher.managers.TLauncherManager.refresh(TLauncherManager.java:129)
> at java.util.concurrent.ThreadPoolExecutor.runWorker(ThreadPoolExecutor.java:1149)
> at java.util.concurrent.ThreadPoolExecutor$Worker.run(ThreadPoolExecutor.java:624)
> at org.tlauncher.util.async.RunnableThread.run(RunnableThread.java:15)
> Thread called by: org.tlauncher.util.async.ExtendedThread$ExtendedThreadCaller
> at org.tlauncher.util.async.ExtendedThread.<init>(ExtendedThread.java:17)
> at org.tlauncher.util.async.ExtendedThread.<init>(ExtendedThread.java:21)
> at org.tlauncher.util.async.RunnableThread.<init>(RunnableThread.java:7)
> at org.tlauncher.util.async.AsyncThread$1.newThread(AsyncThread.java:12)
> at java.util.concurrent.ThreadPoolExecutor$Worker.<init>(ThreadPoolExecutor.java:619)
> at java.util.concurrent.ThreadPoolExecutor.addWorker(ThreadPoolExecutor.java:932)
> at java.util.concurrent.ThreadPoolExecutor.execute(ThreadPoolExecutor.java:1378)
> at org.tlauncher.util.async.AsyncThread.execute(AsyncThread.java:17)
> at org.tlauncher.tlauncher.updater.client.Updater.asyncFindUpdate(Updater.java:96)
> at org.tlauncher.tlauncher.rmo.TLauncher.<init>(TLauncher.java:188)
> at org.tlauncher.tlauncher.rmo.TLauncher$$FastClassByGuice$$7106277c.newInstance(<generated>)
> at com.google.inject.internal.DefaultConstructionProxyFactory$FastClassProxy.newInstance(DefaultConstructionProxyFactory.java:89)
> at com.google.inject.internal.ConstructorInjector.provision(ConstructorInjector.java:111)
> at com.google.inject.internal.ConstructorInjector.construct(ConstructorInjector.java:90)
> at com.google.inject.internal.ConstructorBindingImpl$Factory.get(ConstructorBindingImpl.java:268)
> at com.google.inject.internal.InjectorImpl$2$1.call(InjectorImpl.java:1019)
> at com.google.inject.internal.InjectorImpl.callInContext(InjectorImpl.java:1092)
> at com.google.inject.internal.InjectorImpl$2.get(InjectorImpl.java:1015)
> at com.google.inject.assistedinject.FactoryProvider2.invoke(FactoryProvider2.java:776)
> at com.sun.proxy.$Proxy9.create(Unknown Source)
> at org.tlauncher.util.guice.GuiceModule.getTlauncher(GuiceModule.java:151)
> at org.tlauncher.util.guice.GuiceModule$$FastClassByGuice$$58e5bf0.invoke(<generated>)
> ... and 14 more
> 
> [AdvertisingStatusObserver] 
> java.net.UnknownHostException: auth.tlauncher.org
> at java.net.AbstractPlainSocketImpl.connect(AbstractPlainSocketImpl.java:196)
> at java.net.PlainSocketImpl.connect(PlainSocketImpl.java:162)
> at java.net.SocksSocketImpl.connect(SocksSocketImpl.java:394)
> at java.net.Socket.connect(Socket.java:606)
> at sun.security.ssl.SSLSocketImpl.connect(SSLSocketImpl.java:287)
> at sun.net.NetworkClient.doConnect(NetworkClient.java:175)
> at sun.net.www.http.HttpClient.openServer(HttpClient.java:463)
> at sun.net.www.http.HttpClient.openServer(HttpClient.java:558)
> at sun.net.www.protocol.https.HttpsClient.<init>(HttpsClient.java:292)
> at sun.net.www.protocol.https.HttpsClient.New(HttpsClient.java:395)
> at sun.net.www.protocol.https.AbstractDelegateHttpsURLConnection.getNewHttpClient(AbstractDelegateHttpsURLConnection.java:191)
> at sun.net.www.protocol.http.HttpURLConnection.plainConnect0(HttpURLConnection.java:1205)
> at sun.net.www.protocol.http.HttpURLConnection.plainConnect(HttpURLConnection.java:1056)
> at sun.net.www.protocol.https.AbstractDelegateHttpsURLConnection.connect(AbstractDelegateHttpsURLConnection.java:177)
> at sun.net.www.protocol.http.HttpURLConnection.getOutputStream0(HttpURLConnection.java:1340)
> at sun.net.www.protocol.http.HttpURLConnection.getOutputStream(HttpURLConnection.java:1315)
> at sun.net.www.protocol.https.HttpsURLConnectionImpl.getOutputStream(HttpsURLConnectionImpl.java:264)
> at net.minecraft.launcher.Http.performPost(Http.java:142)
> at net.minecraft.launcher.Http.performPost(Http.java:160)
> at org.tlauncher.util.advertising.AdvertisingStatusObservable.run(AdvertisingStatusObservable.java:51)
> at org.tlauncher.tlauncher.managers.ProfileManager$1.fireRefreshed(ProfileManager.java:65)
> at org.tlauncher.tlauncher.managers.ProfileManager.fireProfileRefreshed(ProfileManager.java:84)
> at org.tlauncher.tlauncher.managers.ProfileManager.refresh(ProfileManager.java:73)
> at org.tlauncher.tlauncher.rmo.TLauncher.<init>(TLauncher.java:201)
> at org.tlauncher.tlauncher.rmo.TLauncher$$FastClassByGuice$$7106277c.newInstance(<generated>)
> at com.google.inject.internal.DefaultConstructionProxyFactory$FastClassProxy.newInstance(DefaultConstructionProxyFactory.java:89)
> at com.google.inject.internal.ConstructorInjector.provision(ConstructorInjector.java:111)
> at com.google.inject.internal.ConstructorInjector.construct(ConstructorInjector.java:90)
> at com.google.inject.internal.ConstructorBindingImpl$Factory.get(ConstructorBindingImpl.java:268)
> at com.google.inject.internal.InjectorImpl$2$1.call(InjectorImpl.java:1019)
> at com.google.inject.internal.InjectorImpl.callInContext(InjectorImpl.java:1092)
> at com.google.inject.internal.InjectorImpl$2.get(InjectorImpl.java:1015)
> at com.google.inject.assistedinject.FactoryProvider2.invoke(FactoryProvider2.java:776)
> at com.sun.proxy.$Proxy9.create(Unknown Source)
> at org.tlauncher.util.guice.GuiceModule.getTlauncher(GuiceModule.java:151)
> at org.tlauncher.util.guice.GuiceModule$$FastClassByGuice$$58e5bf0.invoke(<generated>)
> at com.google.inject.internal.ProviderMethod$FastClassProviderMethod.doProvision(ProviderMethod.java:264)
> at com.google.inject.internal.ProviderMethod$Factory.provision(ProviderMethod.java:401)
> at com.google.inject.internal.ProviderMethod$Factory.get(ProviderMethod.java:376)
> at com.google.inject.internal.ProviderToInternalFactoryAdapter$1.call(ProviderToInternalFactoryAdapter.java:46)
> at com.google.inject.internal.InjectorImpl.callInContext(InjectorImpl.java:1092)
> at com.google.inject.internal.ProviderToInternalFactoryAdapter.get(ProviderToInternalFactoryAdapter.java:40)
> at com.google.inject.internal.SingletonScope$1.get(SingletonScope.java:194)
> at com.google.inject.internal.InternalFactoryToProviderAdapter.get(InternalFactoryToProviderAdapter.java:41)
> at com.google.inject.internal.InjectorImpl$2$1.call(InjectorImpl.java:1019)
> at com.google.inject.internal.InjectorImpl.callInContext(InjectorImpl.java:1085)
> at com.google.inject.internal.InjectorImpl$2.get(InjectorImpl.java:1015)
> at com.google.inject.internal.InjectorImpl.getInstance(InjectorImpl.java:1054)
> at org.tlauncher.tlauncher.rmo.TLauncher.launch(TLauncher.java:370)
> at org.tlauncher.tlauncher.rmo.TLauncher.main(TLauncher.java:237)
> 
> [AdvertisingStatusObserver]  finished to get add information
> save profiles
> [Loading] LOADING_WINDOW
> [REPO][SERVER_LIST_REPO] Failed: Repo is not reachable!
> java.net.UnknownHostException: repo.tlauncher.org
> at sun.reflect.NativeConstructorAccessorImpl.newInstance0(Native Method)
> at sun.reflect.NativeConstructorAccessorImpl.newInstance(NativeConstructorAccessorImpl.java:62)
> at sun.reflect.DelegatingConstructorAccessorImpl.newInstance(DelegatingConstructorAccessorImpl.java:45)
> at java.lang.reflect.Constructor.newInstance(Constructor.java:423)
> at sun.net.www.protocol.http.HttpURLConnection$10.run(HttpURLConnection.java:1950)
> at sun.net.www.protocol.http.HttpURLConnection$10.run(HttpURLConnection.java:1945)
> at java.security.AccessController.doPrivileged(Native Method)
> at sun.net.www.protocol.http.HttpURLConnection.getChainedException(HttpURLConnection.java:1944)
> at sun.net.www.protocol.http.HttpURLConnection.getInputStream0(HttpURLConnection.java:1514)
> at sun.net.www.protocol.http.HttpURLConnection.getInputStream(HttpURLConnection.java:1498)
> at net.minecraft.launcher.Http.performGet(Http.java:76)
> at org.tlauncher.tlauncher.repository.Repo.getUrl0(Repo.java:62)
> at org.tlauncher.tlauncher.repository.Repo.getUrl(Repo.java:87)
> at org.tlauncher.tlauncher.managers.ServerListManager.refresh(ServerListManager.java:23)
> at java.util.concurrent.ThreadPoolExecutor.runWorker(ThreadPoolExecutor.java:1149)
> at java.util.concurrent.ThreadPoolExecutor$Worker.run(ThreadPoolExecutor.java:624)
> at org.tlauncher.util.async.RunnableThread.run(RunnableThread.java:15)
> Caused by: java.net.UnknownHostException: repo.tlauncher.org
> at java.net.AbstractPlainSocketImpl.connect(AbstractPlainSocketImpl.java:196)
> at java.net.PlainSocketImpl.connect(PlainSocketImpl.java:162)
> at java.net.SocksSocketImpl.connect(SocksSocketImpl.java:394)
> at java.net.Socket.connect(Socket.java:606)
> at sun.net.NetworkClient.doConnect(NetworkClient.java:175)
> at sun.net.www.http.HttpClient.openServer(HttpClient.java:463)
> at sun.net.www.http.HttpClient.openServer(HttpClient.java:558)
> at sun.net.www.http.HttpClient.<init>(HttpClient.java:242)
> at sun.net.www.http.HttpClient.New(HttpClient.java:339)
> at sun.net.www.http.HttpClient.New(HttpClient.java:357)
> at sun.net.www.protocol.http.HttpURLConnection.getNewHttpClient(HttpURLConnection.java:1226)
> at sun.net.www.protocol.http.HttpURLConnection.plainConnect0(HttpURLConnection.java:1205)
> at sun.net.www.protocol.http.HttpURLConnection.plainConnect(HttpURLConnection.java:1056)
> at sun.net.www.protocol.http.HttpURLConnection.connect(HttpURLConnection.java:990)
> at sun.net.www.protocol.http.HttpURLConnection.getInputStream0(HttpURLConnection.java:1570)
> at sun.net.www.protocol.http.HttpURLConnection.getInputStream(HttpURLConnection.java:1498)
> at sun.net.www.protocol.http.HttpURLConnection.getHeaderField(HttpURLConnection.java:3061)
> at java.net.URLConnection.getContentType(URLConnection.java:511)
> at net.minecraft.launcher.Http.performGet(Http.java:70)
> at org.tlauncher.tlauncher.repository.Repo.getUrl0(Repo.java:62)
> at org.tlauncher.tlauncher.repository.Repo.getUrl(Repo.java:87)
> at org.tlauncher.tlauncher.managers.ServerListManager.refresh(ServerListManager.java:23)
> at java.util.concurrent.ThreadPoolExecutor.runWorker(ThreadPoolExecutor.java:1149)
> at java.util.concurrent.ThreadPoolExecutor$Worker.run(ThreadPoolExecutor.java:624)
> at org.tlauncher.util.async.RunnableThread.run(RunnableThread.java:15)
> Thread called by: org.tlauncher.util.async.ExtendedThread$ExtendedThreadCaller
> at org.tlauncher.util.async.ExtendedThread.<init>(ExtendedThread.java:17)
> at org.tlauncher.util.async.ExtendedThread.<init>(ExtendedThread.java:21)
> at org.tlauncher.util.async.RunnableThread.<init>(RunnableThread.java:7)
> at org.tlauncher.util.async.AsyncThread$1.newThread(AsyncThread.java:12)
> at java.util.concurrent.ThreadPoolExecutor$Worker.<init>(ThreadPoolExecutor.java:619)
> at java.util.concurrent.ThreadPoolExecutor.addWorker(ThreadPoolExecutor.java:932)
> at java.util.concurrent.ThreadPoolExecutor.execute(ThreadPoolExecutor.java:1378)
> at org.tlauncher.util.async.AsyncThread.execute(AsyncThread.java:17)
> at org.tlauncher.tlauncher.updater.client.Updater.asyncFindUpdate(Updater.java:96)
> at org.tlauncher.tlauncher.rmo.TLauncher.<init>(TLauncher.java:188)
> at org.tlauncher.tlauncher.rmo.TLauncher$$FastClassByGuice$$7106277c.newInstance(<generated>)
> at com.google.inject.internal.DefaultConstructionProxyFactory$FastClassProxy.newInstance(DefaultConstructionProxyFactory.java:89)
> at com.google.inject.internal.ConstructorInjector.provision(ConstructorInjector.java:111)
> at com.google.inject.internal.ConstructorInjector.construct(ConstructorInjector.java:90)
> at com.google.inject.internal.ConstructorBindingImpl$Factory.get(ConstructorBindingImpl.java:268)
> at com.google.inject.internal.InjectorImpl$2$1.call(InjectorImpl.java:1019)
> at com.google.inject.internal.InjectorImpl.callInContext(InjectorImpl.java:1092)
> at com.google.inject.internal.InjectorImpl$2.get(InjectorImpl.java:1015)
> at com.google.inject.assistedinject.FactoryProvider2.invoke(FactoryProvider2.java:776)
> at com.sun.proxy.$Proxy9.create(Unknown Source)
> at org.tlauncher.util.guice.GuiceModule.getTlauncher(GuiceModule.java:151)
> at org.tlauncher.util.guice.GuiceModule$$FastClassByGuice$$58e5bf0.invoke(<generated>)
> ... and 14 more
> 
> [REPO][SERVER_LIST_REPO] Failed: Repo is not reachable!
> java.net.UnknownHostException: tlauncher.org
> at sun.reflect.NativeConstructorAccessorImpl.newInstance0(Native Method)
> at sun.reflect.NativeConstructorAccessorImpl.newInstance(NativeConstructorAccessorImpl.java:62)
> at sun.reflect.DelegatingConstructorAccessorImpl.newInstance(DelegatingConstructorAccessorImpl.java:45)
> at java.lang.reflect.Constructor.newInstance(Constructor.java:423)
> at sun.net.www.protocol.http.HttpURLConnection$10.run(HttpURLConnection.java:1950)
> at sun.net.www.protocol.http.HttpURLConnection$10.run(HttpURLConnection.java:1945)
> at java.security.AccessController.doPrivileged(Native Method)
> at sun.net.www.protocol.http.HttpURLConnection.getChainedException(HttpURLConnection.java:1944)
> at sun.net.www.protocol.http.HttpURLConnection.getInputStream0(HttpURLConnection.java:1514)
> at sun.net.www.protocol.http.HttpURLConnection.getInputStream(HttpURLConnection.java:1498)
> at sun.net.www.protocol.https.HttpsURLConnectionImpl.getInputStream(HttpsURLConnectionImpl.java:268)
> at net.minecraft.launcher.Http.performGet(Http.java:76)
> at org.tlauncher.tlauncher.repository.Repo.getUrl0(Repo.java:62)
> at org.tlauncher.tlauncher.repository.Repo.getUrl(Repo.java:87)
> at org.tlauncher.tlauncher.managers.ServerListManager.refresh(ServerListManager.java:23)
> at java.util.concurrent.ThreadPoolExecutor.runWorker(ThreadPoolExecutor.java:1149)
> at java.util.concurrent.ThreadPoolExecutor$Worker.run(ThreadPoolExecutor.java:624)
> at org.tlauncher.util.async.RunnableThread.run(RunnableThread.java:15)
> Caused by: java.net.UnknownHostException: tlauncher.org
> at java.net.AbstractPlainSocketImpl.connect(AbstractPlainSocketImpl.java:196)
> at java.net.PlainSocketImpl.connect(PlainSocketImpl.java:162)
> at java.net.SocksSocketImpl.connect(SocksSocketImpl.java:394)
> at java.net.Socket.connect(Socket.java:606)
> at sun.security.ssl.SSLSocketImpl.connect(SSLSocketImpl.java:287)
> at sun.net.NetworkClient.doConnect(NetworkClient.java:175)
> at sun.net.www.http.HttpClient.openServer(HttpClient.java:463)
> at sun.net.www.http.HttpClient.openServer(HttpClient.java:558)
> at sun.net.www.protocol.https.HttpsClient.<init>(HttpsClient.java:292)
> at sun.net.www.protocol.https.HttpsClient.New(HttpsClient.java:395)
> at sun.net.www.protocol.https.AbstractDelegateHttpsURLConnection.getNewHttpClient(AbstractDelegateHttpsURLConnection.java:191)
> at sun.net.www.protocol.http.HttpURLConnection.plainConnect0(HttpURLConnection.java:1205)
> at sun.net.www.protocol.http.HttpURLConnection.plainConnect(HttpURLConnection.java:1056)
> at sun.net.www.protocol.https.AbstractDelegateHttpsURLConnection.connect(AbstractDelegateHttpsURLConnection.java:177)
> at sun.net.www.protocol.http.HttpURLConnection.getInputStream0(HttpURLConnection.java:1570)
> at sun.net.www.protocol.http.HttpURLConnection.getInputStream(HttpURLConnection.java:1498)
> at sun.net.www.protocol.http.HttpURLConnection.getHeaderField(HttpURLConnection.java:3061)
> at java.net.URLConnection.getContentType(URLConnection.java:511)
> at sun.net.www.protocol.https.HttpsURLConnectionImpl.getContentType(HttpsURLConnectionImpl.java:420)
> at net.minecraft.launcher.Http.performGet(Http.java:70)
> at org.tlauncher.tlauncher.repository.Repo.getUrl0(Repo.java:62)
> at org.tlauncher.tlauncher.repository.Repo.getUrl(Repo.java:87)
> at org.tlauncher.tlauncher.managers.ServerListManager.refresh(ServerListManager.java:23)
> at java.util.concurrent.ThreadPoolExecutor.runWorker(ThreadPoolExecutor.java:1149)
> at java.util.concurrent.ThreadPoolExecutor$Worker.run(ThreadPoolExecutor.java:624)
> at org.tlauncher.util.async.RunnableThread.run(RunnableThread.java:15)
> Thread called by: org.tlauncher.util.async.ExtendedThread$ExtendedThreadCaller
> at org.tlauncher.util.async.ExtendedThread.<init>(ExtendedThread.java:17)
> at org.tlauncher.util.async.ExtendedThread.<init>(ExtendedThread.java:21)
> at org.tlauncher.util.async.RunnableThread.<init>(RunnableThread.java:7)
> at org.tlauncher.util.async.AsyncThread$1.newThread(AsyncThread.java:12)
> at java.util.concurrent.ThreadPoolExecutor$Worker.<init>(ThreadPoolExecutor.java:619)
> at java.util.concurrent.ThreadPoolExecutor.addWorker(ThreadPoolExecutor.java:932)
> at java.util.concurrent.ThreadPoolExecutor.execute(ThreadPoolExecutor.java:1378)
> at org.tlauncher.util.async.AsyncThread.execute(AsyncThread.java:17)
> at org.tlauncher.tlauncher.updater.client.Updater.asyncFindUpdate(Updater.java:96)
> at org.tlauncher.tlauncher.rmo.TLauncher.<init>(TLauncher.java:188)
> at org.tlauncher.tlauncher.rmo.TLauncher$$FastClassByGuice$$7106277c.newInstance(<generated>)
> at com.google.inject.internal.DefaultConstructionProxyFactory$FastClassProxy.newInstance(DefaultConstructionProxyFactory.java:89)
> at com.google.inject.internal.ConstructorInjector.provision(ConstructorInjector.java:111)
> at com.google.inject.internal.ConstructorInjector.construct(ConstructorInjector.java:90)
> at com.google.inject.internal.ConstructorBindingImpl$Factory.get(ConstructorBindingImpl.java:268)
> at com.google.inject.internal.InjectorImpl$2$1.call(InjectorImpl.java:1019)
> at com.google.inject.internal.InjectorImpl.callInContext(InjectorImpl.java:1092)
> at com.google.inject.internal.InjectorImpl$2.get(InjectorImpl.java:1015)
> at com.google.inject.assistedinject.FactoryProvider2.invoke(FactoryProvider2.java:776)
> at com.sun.proxy.$Proxy9.create(Unknown Source)
> at org.tlauncher.util.guice.GuiceModule.getTlauncher(GuiceModule.java:151)
> at org.tlauncher.util.guice.GuiceModule$$FastClassByGuice$$58e5bf0.invoke(<generated>)
> ... and 14 more
> 
> [REPO][SERVER_LIST_REPO] Failed: Repo is not reachable!
> java.net.UnknownHostException: advancedrepository.com
> at sun.reflect.NativeConstructorAccessorImpl.newInstance0(Native Method)
> at sun.reflect.NativeConstructorAccessorImpl.newInstance(NativeConstructorAccessorImpl.java:62)
> at sun.reflect.DelegatingConstructorAccessorImpl.newInstance(DelegatingConstructorAccessorImpl.java:45)
> at java.lang.reflect.Constructor.newInstance(Constructor.java:423)
> at sun.net.www.protocol.http.HttpURLConnection$10.run(HttpURLConnection.java:1950)
> at sun.net.www.protocol.http.HttpURLConnection$10.run(HttpURLConnection.java:1945)
> at java.security.AccessController.doPrivileged(Native Method)
> at sun.net.www.protocol.http.HttpURLConnection.getChainedException(HttpURLConnection.java:1944)
> at sun.net.www.protocol.http.HttpURLConnection.getInputStream0(HttpURLConnection.java:1514)
> at sun.net.www.protocol.http.HttpURLConnection.getInputStream(HttpURLConnection.java:1498)
> at net.minecraft.launcher.Http.performGet(Http.java:76)
> at org.tlauncher.tlauncher.repository.Repo.getUrl0(Repo.java:62)
> at org.tlauncher.tlauncher.repository.Repo.getUrl(Repo.java:87)
> at org.tlauncher.tlauncher.managers.ServerListManager.refresh(ServerListManager.java:23)
> at java.util.concurrent.ThreadPoolExecutor.runWorker(ThreadPoolExecutor.java:1149)
> at java.util.concurrent.ThreadPoolExecutor$Worker.run(ThreadPoolExecutor.java:624)
> at org.tlauncher.util.async.RunnableThread.run(RunnableThread.java:15)
> Caused by: java.net.UnknownHostException: advancedrepository.com
> at java.net.AbstractPlainSocketImpl.connect(AbstractPlainSocketImpl.java:196)
> at java.net.PlainSocketImpl.connect(PlainSocketImpl.java:162)
> at java.net.SocksSocketImpl.connect(SocksSocketImpl.java:394)
> at java.net.Socket.connect(Socket.java:606)
> at sun.net.NetworkClient.doConnect(NetworkClient.java:175)
> at sun.net.www.http.HttpClient.openServer(HttpClient.java:463)
> at sun.net.www.http.HttpClient.openServer(HttpClient.java:558)
> at sun.net.www.http.HttpClient.<init>(HttpClient.java:242)
> at sun.net.www.http.HttpClient.New(HttpClient.java:339)
> at sun.net.www.http.HttpClient.New(HttpClient.java:357)
> at sun.net.www.protocol.http.HttpURLConnection.getNewHttpClient(HttpURLConnection.java:1226)
> at sun.net.www.protocol.http.HttpURLConnection.plainConnect0(HttpURLConnection.java:1205)
> at sun.net.www.protocol.http.HttpURLConnection.plainConnect(HttpURLConnection.java:1056)
> at sun.net.www.protocol.http.HttpURLConnection.connect(HttpURLConnection.java:990)
> at sun.net.www.protocol.http.HttpURLConnection.getInputStream0(HttpURLConnection.java:1570)
> at sun.net.www.protocol.http.HttpURLConnection.getInputStream(HttpURLConnection.java:1498)
> at sun.net.www.protocol.http.HttpURLConnection.getHeaderField(HttpURLConnection.java:3061)
> at java.net.URLConnection.getContentType(URLConnection.java:511)
> at net.minecraft.launcher.Http.performGet(Http.java:70)
> at org.tlauncher.tlauncher.repository.Repo.getUrl0(Repo.java:62)
> at org.tlauncher.tlauncher.repository.Repo.getUrl(Repo.java:87)
> at org.tlauncher.tlauncher.managers.ServerListManager.refresh(ServerListManager.java:23)
> at java.util.concurrent.ThreadPoolExecutor.runWorker(ThreadPoolExecutor.java:1149)
> at java.util.concurrent.ThreadPoolExecutor$Worker.run(ThreadPoolExecutor.java:624)
> at org.tlauncher.util.async.RunnableThread.run(RunnableThread.java:15)
> Thread called by: org.tlauncher.util.async.ExtendedThread$ExtendedThreadCaller
> at org.tlauncher.util.async.ExtendedThread.<init>(ExtendedThread.java:17)
> at org.tlauncher.util.async.ExtendedThread.<init>(ExtendedThread.java:21)
> at org.tlauncher.util.async.RunnableThread.<init>(RunnableThread.java:7)
> at org.tlauncher.util.async.AsyncThread$1.newThread(AsyncThread.java:12)
> at java.util.concurrent.ThreadPoolExecutor$Worker.<init>(ThreadPoolExecutor.java:619)
> at java.util.concurrent.ThreadPoolExecutor.addWorker(ThreadPoolExecutor.java:932)
> at java.util.concurrent.ThreadPoolExecutor.execute(ThreadPoolExecutor.java:1378)
> at org.tlauncher.util.async.AsyncThread.execute(AsyncThread.java:17)
> at org.tlauncher.tlauncher.updater.client.Updater.asyncFindUpdate(Updater.java:96)
> at org.tlauncher.tlauncher.rmo.TLauncher.<init>(TLauncher.java:188)
> at org.tlauncher.tlauncher.rmo.TLauncher$$FastClassByGuice$$7106277c.newInstance(<generated>)
> at com.google.inject.internal.DefaultConstructionProxyFactory$FastClassProxy.newInstance(DefaultConstructionProxyFactory.java:89)
> at com.google.inject.internal.ConstructorInjector.provision(ConstructorInjector.java:111)
> at com.google.inject.internal.ConstructorInjector.construct(ConstructorInjector.java:90)
> at com.google.inject.internal.ConstructorBindingImpl$Factory.get(ConstructorBindingImpl.java:268)
> at com.google.inject.internal.InjectorImpl$2$1.call(InjectorImpl.java:1019)
> at com.google.inject.internal.InjectorImpl.callInContext(InjectorImpl.java:1092)
> at com.google.inject.internal.InjectorImpl$2.get(InjectorImpl.java:1015)
> at com.google.inject.assistedinject.FactoryProvider2.invoke(FactoryProvider2.java:776)
> at com.sun.proxy.$Proxy9.create(Unknown Source)
> at org.tlauncher.util.guice.GuiceModule.getTlauncher(GuiceModule.java:151)
> at org.tlauncher.util.guice.GuiceModule$$FastClassByGuice$$58e5bf0.invoke(<generated>)
> ... and 14 more
> 
> [REPO][SERVER_LIST_REPO] Failed: Repo is not reachable!
> java.net.UnknownHostException: repo.tlauncher.org
> at sun.reflect.NativeConstructorAccessorImpl.newInstance0(Native Method)
> at sun.reflect.NativeConstructorAccessorImpl.newInstance(NativeConstructorAccessorImpl.java:62)
> at sun.reflect.DelegatingConstructorAccessorImpl.newInstance(DelegatingConstructorAccessorImpl.java:45)
> at java.lang.reflect.Constructor.newInstance(Constructor.java:423)
> at sun.net.www.protocol.http.HttpURLConnection$10.run(HttpURLConnection.java:1950)
> at sun.net.www.protocol.http.HttpURLConnection$10.run(HttpURLConnection.java:1945)
> at java.security.AccessController.doPrivileged(Native Method)
> at sun.net.www.protocol.http.HttpURLConnection.getChainedException(HttpURLConnection.java:1944)
> at sun.net.www.protocol.http.HttpURLConnection.getInputStream0(HttpURLConnection.java:1514)
> at sun.net.www.protocol.http.HttpURLConnection.getInputStream(HttpURLConnection.java:1498)
> at net.minecraft.launcher.Http.performGet(Http.java:76)
> at org.tlauncher.tlauncher.repository.Repo.getUrl0(Repo.java:62)
> at org.tlauncher.tlauncher.repository.Repo.getUrl(Repo.java:87)
> at org.tlauncher.tlauncher.managers.ServerListManager.refresh(ServerListManager.java:23)
> at java.util.concurrent.ThreadPoolExecutor.runWorker(ThreadPoolExecutor.java:1149)
> at java.util.concurrent.ThreadPoolExecutor$Worker.run(ThreadPoolExecutor.java:624)
> at org.tlauncher.util.async.RunnableThread.run(RunnableThread.java:15)
> Caused by: java.net.UnknownHostException: repo.tlauncher.org
> at java.net.AbstractPlainSocketImpl.connect(AbstractPlainSocketImpl.java:196)
> at java.net.PlainSocketImpl.connect(PlainSocketImpl.java:162)
> at java.net.SocksSocketImpl.connect(SocksSocketImpl.java:394)
> at java.net.Socket.connect(Socket.java:606)
> at sun.net.NetworkClient.doConnect(NetworkClient.java:175)
> at sun.net.www.http.HttpClient.openServer(HttpClient.java:463)
> at sun.net.www.http.HttpClient.openServer(HttpClient.java:558)
> at sun.net.www.http.HttpClient.<init>(HttpClient.java:242)
> at sun.net.www.http.HttpClient.New(HttpClient.java:339)
> at sun.net.www.http.HttpClient.New(HttpClient.java:357)
> at sun.net.www.protocol.http.HttpURLConnection.getNewHttpClient(HttpURLConnection.java:1226)
> at sun.net.www.protocol.http.HttpURLConnection.plainConnect0(HttpURLConnection.java:1205)
> at sun.net.www.protocol.http.HttpURLConnection.plainConnect(HttpURLConnection.java:1056)
> at sun.net.www.protocol.http.HttpURLConnection.connect(HttpURLConnection.java:990)
> at sun.net.www.protocol.http.HttpURLConnection.getInputStream0(HttpURLConnection.java:1570)
> at sun.net.www.protocol.http.HttpURLConnection.getInputStream(HttpURLConnection.java:1498)
> at sun.net.www.protocol.http.HttpURLConnection.getHeaderField(HttpURLConnection.java:3061)
> at java.net.URLConnection.getContentType(URLConnection.java:511)
> at net.minecraft.launcher.Http.performGet(Http.java:70)
> at org.tlauncher.tlauncher.repository.Repo.getUrl0(Repo.java:62)
> at org.tlauncher.tlauncher.repository.Repo.getUrl(Repo.java:87)
> at org.tlauncher.tlauncher.managers.ServerListManager.refresh(ServerListManager.java:23)
> at java.util.concurrent.ThreadPoolExecutor.runWorker(ThreadPoolExecutor.java:1149)
> at java.util.concurrent.ThreadPoolExecutor$Worker.run(ThreadPoolExecutor.java:624)
> at org.tlauncher.util.async.RunnableThread.run(RunnableThread.java:15)
> Thread called by: org.tlauncher.util.async.ExtendedThread$ExtendedThreadCaller
> at org.tlauncher.util.async.ExtendedThread.<init>(ExtendedThread.java:17)
> at org.tlauncher.util.async.ExtendedThread.<init>(ExtendedThread.java:21)
> at org.tlauncher.util.async.RunnableThread.<init>(RunnableThread.java:7)
> at org.tlauncher.util.async.AsyncThread$1.newThread(AsyncThread.java:12)
> at java.util.concurrent.ThreadPoolExecutor$Worker.<init>(ThreadPoolExecutor.java:619)
> at java.util.concurrent.ThreadPoolExecutor.addWorker(ThreadPoolExecutor.java:932)
> at java.util.concurrent.ThreadPoolExecutor.execute(ThreadPoolExecutor.java:1378)
> at org.tlauncher.util.async.AsyncThread.execute(AsyncThread.java:17)
> at org.tlauncher.tlauncher.updater.client.Updater.asyncFindUpdate(Updater.java:96)
> at org.tlauncher.tlauncher.rmo.TLauncher.<init>(TLauncher.java:188)
> at org.tlauncher.tlauncher.rmo.TLauncher$$FastClassByGuice$$7106277c.newInstance(<generated>)
> at com.google.inject.internal.DefaultConstructionProxyFactory$FastClassProxy.newInstance(DefaultConstructionProxyFactory.java:89)
> at com.google.inject.internal.ConstructorInjector.provision(ConstructorInjector.java:111)
> at com.google.inject.internal.ConstructorInjector.construct(ConstructorInjector.java:90)
> at com.google.inject.internal.ConstructorBindingImpl$Factory.get(ConstructorBindingImpl.java:268)
> at com.google.inject.internal.InjectorImpl$2$1.call(InjectorImpl.java:1019)
> at com.google.inject.internal.InjectorImpl.callInContext(InjectorImpl.java:1092)
> at com.google.inject.internal.InjectorImpl$2.get(InjectorImpl.java:1015)
> at com.google.inject.assistedinject.FactoryProvider2.invoke(FactoryProvider2.java:776)
> at com.sun.proxy.$Proxy9.create(Unknown Source)
> at org.tlauncher.util.guice.GuiceModule.getTlauncher(GuiceModule.java:151)
> at org.tlauncher.util.guice.GuiceModule$$FastClassByGuice$$58e5bf0.invoke(<generated>)
> ... and 14 more
> 
> [REPO][SERVER_LIST_REPO] Failed: Repo is not reachable!
> java.net.UnknownHostException: tlauncher.org
> at sun.reflect.NativeConstructorAccessorImpl.newInstance0(Native Method)
> at sun.reflect.NativeConstructorAccessorImpl.newInstance(NativeConstructorAccessorImpl.java:62)
> at sun.reflect.DelegatingConstructorAccessorImpl.newInstance(DelegatingConstructorAccessorImpl.java:45)
> at java.lang.reflect.Constructor.newInstance(Constructor.java:423)
> at sun.net.www.protocol.http.HttpURLConnection$10.run(HttpURLConnection.java:1950)
> at sun.net.www.protocol.http.HttpURLConnection$10.run(HttpURLConnection.java:1945)
> at java.security.AccessController.doPrivileged(Native Method)
> at sun.net.www.protocol.http.HttpURLConnection.getChainedException(HttpURLConnection.java:1944)
> at sun.net.www.protocol.http.HttpURLConnection.getInputStream0(HttpURLConnection.java:1514)
> at sun.net.www.protocol.http.HttpURLConnection.getInputStream(HttpURLConnection.java:1498)
> at sun.net.www.protocol.https.HttpsURLConnectionImpl.getInputStream(HttpsURLConnectionImpl.java:268)
> at net.minecraft.launcher.Http.performGet(Http.java:76)
> at org.tlauncher.tlauncher.repository.Repo.getUrl0(Repo.java:62)
> at org.tlauncher.tlauncher.repository.Repo.getUrl(Repo.java:87)
> at org.tlauncher.tlauncher.managers.ServerListManager.refresh(ServerListManager.java:23)
> at java.util.concurrent.ThreadPoolExecutor.runWorker(ThreadPoolExecutor.java:1149)
> at java.util.concurrent.ThreadPoolExecutor$Worker.run(ThreadPoolExecutor.java:624)
> at org.tlauncher.util.async.RunnableThread.run(RunnableThread.java:15)
> Caused by: java.net.UnknownHostException: tlauncher.org
> at java.net.AbstractPlainSocketImpl.connect(AbstractPlainSocketImpl.java:196)
> at java.net.PlainSocketImpl.connect(PlainSocketImpl.java:162)
> at java.net.SocksSocketImpl.connect(SocksSocketImpl.java:394)
> at java.net.Socket.connect(Socket.java:606)
> at sun.security.ssl.SSLSocketImpl.connect(SSLSocketImpl.java:287)
> at sun.net.NetworkClient.doConnect(NetworkClient.java:175)
> at sun.net.www.http.HttpClient.openServer(HttpClient.java:463)
> at sun.net.www.http.HttpClient.openServer(HttpClient.java:558)
> at sun.net.www.protocol.https.HttpsClient.<init>(HttpsClient.java:292)
> at sun.net.www.protocol.https.HttpsClient.New(HttpsClient.java:395)
> at sun.net.www.protocol.https.AbstractDelegateHttpsURLConnection.getNewHttpClient(AbstractDelegateHttpsURLConnection.java:191)
> at sun.net.www.protocol.http.HttpURLConnection.plainConnect0(HttpURLConnection.java:1205)
> at sun.net.www.protocol.http.HttpURLConnection.plainConnect(HttpURLConnection.java:1056)
> at sun.net.www.protocol.https.AbstractDelegateHttpsURLConnection.connect(AbstractDelegateHttpsURLConnection.java:177)
> at sun.net.www.protocol.http.HttpURLConnection.getInputStream0(HttpURLConnection.java:1570)
> at sun.net.www.protocol.http.HttpURLConnection.getInputStream(HttpURLConnection.java:1498)
> at sun.net.www.protocol.http.HttpURLConnection.getHeaderField(HttpURLConnection.java:3061)
> at java.net.URLConnection.getContentType(URLConnection.java:511)
> at sun.net.www.protocol.https.HttpsURLConnectionImpl.getContentType(HttpsURLConnectionImpl.java:420)
> at net.minecraft.launcher.Http.performGet(Http.java:70)
> at org.tlauncher.tlauncher.repository.Repo.getUrl0(Repo.java:62)
> at org.tlauncher.tlauncher.repository.Repo.getUrl(Repo.java:87)
> at org.tlauncher.tlauncher.managers.ServerListManager.refresh(ServerListManager.java:23)
> at java.util.concurrent.ThreadPoolExecutor.runWorker(ThreadPoolExecutor.java:1149)
> at java.util.concurrent.ThreadPoolExecutor$Worker.run(ThreadPoolExecutor.java:624)
> at org.tlauncher.util.async.RunnableThread.run(RunnableThread.java:15)
> Thread called by: org.tlauncher.util.async.ExtendedThread$ExtendedThreadCaller
> at org.tlauncher.util.async.ExtendedThread.<init>(ExtendedThread.java:17)
> at org.tlauncher.util.async.ExtendedThread.<init>(ExtendedThread.java:21)
> at org.tlauncher.util.async.RunnableThread.<init>(RunnableThread.java:7)
> at org.tlauncher.util.async.AsyncThread$1.newThread(AsyncThread.java:12)
> at java.util.concurrent.ThreadPoolExecutor$Worker.<init>(ThreadPoolExecutor.java:619)
> at java.util.concurrent.ThreadPoolExecutor.addWorker(ThreadPoolExecutor.java:932)
> at java.util.concurrent.ThreadPoolExecutor.execute(ThreadPoolExecutor.java:1378)
> at org.tlauncher.util.async.AsyncThread.execute(AsyncThread.java:17)
> at org.tlauncher.tlauncher.updater.client.Updater.asyncFindUpdate(Updater.java:96)
> at org.tlauncher.tlauncher.rmo.TLauncher.<init>(TLauncher.java:188)
> at org.tlauncher.tlauncher.rmo.TLauncher$$FastClassByGuice$$7106277c.newInstance(<generated>)
> at com.google.inject.internal.DefaultConstructionProxyFactory$FastClassProxy.newInstance(DefaultConstructionProxyFactory.java:89)
> at com.google.inject.internal.ConstructorInjector.provision(ConstructorInjector.java:111)
> at com.google.inject.internal.ConstructorInjector.construct(ConstructorInjector.java:90)
> at com.google.inject.internal.ConstructorBindingImpl$Factory.get(ConstructorBindingImpl.java:268)
> at com.google.inject.internal.InjectorImpl$2$1.call(InjectorImpl.java:1019)
> at com.google.inject.internal.InjectorImpl.callInContext(InjectorImpl.java:1092)
> at com.google.inject.internal.InjectorImpl$2.get(InjectorImpl.java:1015)
> at com.google.inject.assistedinject.FactoryProvider2.invoke(FactoryProvider2.java:776)
> at com.sun.proxy.$Proxy9.create(Unknown Source)
> at org.tlauncher.util.guice.GuiceModule.getTlauncher(GuiceModule.java:151)
> at org.tlauncher.util.guice.GuiceModule$$FastClassByGuice$$58e5bf0.invoke(<generated>)
> ... and 14 more
> 
> [REPO][SERVER_LIST_REPO] Failed: Repo is not reachable!
> java.net.UnknownHostException: advancedrepository.com
> at sun.reflect.NativeConstructorAccessorImpl.newInstance0(Native Method)
> at sun.reflect.NativeConstructorAccessorImpl.newInstance(NativeConstructorAccessorImpl.java:62)
> at sun.reflect.DelegatingConstructorAccessorImpl.newInstance(DelegatingConstructorAccessorImpl.java:45)
> at java.lang.reflect.Constructor.newInstance(Constructor.java:423)
> at sun.net.www.protocol.http.HttpURLConnection$10.run(HttpURLConnection.java:1950)
> at sun.net.www.protocol.http.HttpURLConnection$10.run(HttpURLConnection.java:1945)
> at java.security.AccessController.doPrivileged(Native Method)
> at sun.net.www.protocol.http.HttpURLConnection.getChainedException(HttpURLConnection.java:1944)
> at sun.net.www.protocol.http.HttpURLConnection.getInputStream0(HttpURLConnection.java:1514)
> at sun.net.www.protocol.http.HttpURLConnection.getInputStream(HttpURLConnection.java:1498)
> at net.minecraft.launcher.Http.performGet(Http.java:76)
> at org.tlauncher.tlauncher.repository.Repo.getUrl0(Repo.java:62)
> at org.tlauncher.tlauncher.repository.Repo.getUrl(Repo.java:87)
> at org.tlauncher.tlauncher.managers.ServerListManager.refresh(ServerListManager.java:23)
> at java.util.concurrent.ThreadPoolExecutor.runWorker(ThreadPoolExecutor.java:1149)
> at java.util.concurrent.ThreadPoolExecutor$Worker.run(ThreadPoolExecutor.java:624)
> at org.tlauncher.util.async.RunnableThread.run(RunnableThread.java:15)
> Caused by: java.net.UnknownHostException: advancedrepository.com
> at java.net.AbstractPlainSocketImpl.connect(AbstractPlainSocketImpl.java:196)
> at java.net.PlainSocketImpl.connect(PlainSocketImpl.java:162)
> at java.net.SocksSocketImpl.connect(SocksSocketImpl.java:394)
> at java.net.Socket.connect(Socket.java:606)
> at sun.net.NetworkClient.doConnect(NetworkClient.java:175)
> at sun.net.www.http.HttpClient.openServer(HttpClient.java:463)
> at sun.net.www.http.HttpClient.openServer(HttpClient.java:558)
> at sun.net.www.http.HttpClient.<init>(HttpClient.java:242)
> at sun.net.www.http.HttpClient.New(HttpClient.java:339)
> at sun.net.www.http.HttpClient.New(HttpClient.java:357)
> at sun.net.www.protocol.http.HttpURLConnection.getNewHttpClient(HttpURLConnection.java:1226)
> at sun.net.www.protocol.http.HttpURLConnection.plainConnect0(HttpURLConnection.java:1205)
> at sun.net.www.protocol.http.HttpURLConnection.plainConnect(HttpURLConnection.java:1056)
> at sun.net.www.protocol.http.HttpURLConnection.connect(HttpURLConnection.java:990)
> at sun.net.www.protocol.http.HttpURLConnection.getInputStream0(HttpURLConnection.java:1570)
> at sun.net.www.protocol.http.HttpURLConnection.getInputStream(HttpURLConnection.java:1498)
> at sun.net.www.protocol.http.HttpURLConnection.getHeaderField(HttpURLConnection.java:3061)
> at java.net.URLConnection.getContentType(URLConnection.java:511)
> at net.minecraft.launcher.Http.performGet(Http.java:70)
> at org.tlauncher.tlauncher.repository.Repo.getUrl0(Repo.java:62)
> at org.tlauncher.tlauncher.repository.Repo.getUrl(Repo.java:87)
> at org.tlauncher.tlauncher.managers.ServerListManager.refresh(ServerListManager.java:23)
> at java.util.concurrent.ThreadPoolExecutor.runWorker(ThreadPoolExecutor.java:1149)
> at java.util.concurrent.ThreadPoolExecutor$Worker.run(ThreadPoolExecutor.java:624)
> at org.tlauncher.util.async.RunnableThread.run(RunnableThread.java:15)
> Thread called by: org.tlauncher.util.async.ExtendedThread$ExtendedThreadCaller
> at org.tlauncher.util.async.ExtendedThread.<init>(ExtendedThread.java:17)
> at org.tlauncher.util.async.ExtendedThread.<init>(ExtendedThread.java:21)
> at org.tlauncher.util.async.RunnableThread.<init>(RunnableThread.java:7)
> at org.tlauncher.util.async.AsyncThread$1.newThread(AsyncThread.java:12)
> at java.util.concurrent.ThreadPoolExecutor$Worker.<init>(ThreadPoolExecutor.java:619)
> at java.util.concurrent.ThreadPoolExecutor.addWorker(ThreadPoolExecutor.java:932)
> at java.util.concurrent.ThreadPoolExecutor.execute(ThreadPoolExecutor.java:1378)
> at org.tlauncher.util.async.AsyncThread.execute(AsyncThread.java:17)
> at org.tlauncher.tlauncher.updater.client.Updater.asyncFindUpdate(Updater.java:96)
> at org.tlauncher.tlauncher.rmo.TLauncher.<init>(TLauncher.java:188)
> at org.tlauncher.tlauncher.rmo.TLauncher$$FastClassByGuice$$7106277c.newInstance(<generated>)
> at com.google.inject.internal.DefaultConstructionProxyFactory$FastClassProxy.newInstance(DefaultConstructionProxyFactory.java:89)
> at com.google.inject.internal.ConstructorInjector.provision(ConstructorInjector.java:111)
> at com.google.inject.internal.ConstructorInjector.construct(ConstructorInjector.java:90)
> at com.google.inject.internal.ConstructorBindingImpl$Factory.get(ConstructorBindingImpl.java:268)
> at com.google.inject.internal.InjectorImpl$2$1.call(InjectorImpl.java:1019)
> at com.google.inject.internal.InjectorImpl.callInContext(InjectorImpl.java:1092)
> at com.google.inject.internal.InjectorImpl$2.get(InjectorImpl.java:1015)
> at com.google.inject.assistedinject.FactoryProvider2.invoke(FactoryProvider2.java:776)
> at com.sun.proxy.$Proxy9.create(Unknown Source)
> at org.tlauncher.util.guice.GuiceModule.getTlauncher(GuiceModule.java:151)
> at org.tlauncher.util.guice.GuiceModule$$FastClassByGuice$$58e5bf0.invoke(<generated>)
> ... and 14 more
> 
> [REPO][SERVER_LIST_REPO] Failed: Repo is not reachable!
> java.net.UnknownHostException: repo.tlauncher.org
> at sun.reflect.NativeConstructorAccessorImpl.newInstance0(Native Method)
> at sun.reflect.NativeConstructorAccessorImpl.newInstance(NativeConstructorAccessorImpl.java:62)
> at sun.reflect.DelegatingConstructorAccessorImpl.newInstance(DelegatingConstructorAccessorImpl.java:45)
> at java.lang.reflect.Constructor.newInstance(Constructor.java:423)
> at sun.net.www.protocol.http.HttpURLConnection$10.run(HttpURLConnection.java:1950)
> at sun.net.www.protocol.http.HttpURLConnection$10.run(HttpURLConnection.java:1945)
> at java.security.AccessController.doPrivileged(Native Method)
> at sun.net.www.protocol.http.HttpURLConnection.getChainedException(HttpURLConnection.java:1944)
> at sun.net.www.protocol.http.HttpURLConnection.getInputStream0(HttpURLConnection.java:1514)
> at sun.net.www.protocol.http.HttpURLConnection.getInputStream(HttpURLConnection.java:1498)
> at net.minecraft.launcher.Http.performGet(Http.java:76)
> at org.tlauncher.tlauncher.repository.Repo.getUrl0(Repo.java:62)
> at org.tlauncher.tlauncher.repository.Repo.getUrl(Repo.java:87)
> at org.tlauncher.tlauncher.managers.ServerListManager.refresh(ServerListManager.java:23)
> at java.util.concurrent.ThreadPoolExecutor.runWorker(ThreadPoolExecutor.java:1149)
> at java.util.concurrent.ThreadPoolExecutor$Worker.run(ThreadPoolExecutor.java:624)
> at org.tlauncher.util.async.RunnableThread.run(RunnableThread.java:15)
> Caused by: java.net.UnknownHostException: repo.tlauncher.org
> at java.net.AbstractPlainSocketImpl.connect(AbstractPlainSocketImpl.java:196)
> at java.net.PlainSocketImpl.connect(PlainSocketImpl.java:162)
> at java.net.SocksSocketImpl.connect(SocksSocketImpl.java:394)
> at java.net.Socket.connect(Socket.java:606)
> at sun.net.NetworkClient.doConnect(NetworkClient.java:175)
> at sun.net.www.http.HttpClient.openServer(HttpClient.java:463)
> at sun.net.www.http.HttpClient.openServer(HttpClient.java:558)
> at sun.net.www.http.HttpClient.<init>(HttpClient.java:242)
> at sun.net.www.http.HttpClient.New(HttpClient.java:339)
> at sun.net.www.http.HttpClient.New(HttpClient.java:357)
> at sun.net.www.protocol.http.HttpURLConnection.getNewHttpClient(HttpURLConnection.java:1226)
> at sun.net.www.protocol.http.HttpURLConnection.plainConnect0(HttpURLConnection.java:1205)
> at sun.net.www.protocol.http.HttpURLConnection.plainConnect(HttpURLConnection.java:1056)
> at sun.net.www.protocol.http.HttpURLConnection.connect(HttpURLConnection.java:990)
> at sun.net.www.protocol.http.HttpURLConnection.getInputStream0(HttpURLConnection.java:1570)
> at sun.net.www.protocol.http.HttpURLConnection.getInputStream(HttpURLConnection.java:1498)
> at sun.net.www.protocol.http.HttpURLConnection.getHeaderField(HttpURLConnection.java:3061)
> at java.net.URLConnection.getContentType(URLConnection.java:511)
> at net.minecraft.launcher.Http.performGet(Http.java:70)
> at org.tlauncher.tlauncher.repository.Repo.getUrl0(Repo.java:62)
> at org.tlauncher.tlauncher.repository.Repo.getUrl(Repo.java:87)
> at org.tlauncher.tlauncher.managers.ServerListManager.refresh(ServerListManager.java:23)
> at java.util.concurrent.ThreadPoolExecutor.runWorker(ThreadPoolExecutor.java:1149)
> at java.util.concurrent.ThreadPoolExecutor$Worker.run(ThreadPoolExecutor.java:624)
> at org.tlauncher.util.async.RunnableThread.run(RunnableThread.java:15)
> Thread called by: org.tlauncher.util.async.ExtendedThread$ExtendedThreadCaller
> at org.tlauncher.util.async.ExtendedThread.<init>(ExtendedThread.java:17)
> at org.tlauncher.util.async.ExtendedThread.<init>(ExtendedThread.java:21)
> at org.tlauncher.util.async.RunnableThread.<init>(RunnableThread.java:7)
> at org.tlauncher.util.async.AsyncThread$1.newThread(AsyncThread.java:12)
> at java.util.concurrent.ThreadPoolExecutor$Worker.<init>(ThreadPoolExecutor.java:619)
> at java.util.concurrent.ThreadPoolExecutor.addWorker(ThreadPoolExecutor.java:932)
> at java.util.concurrent.ThreadPoolExecutor.execute(ThreadPoolExecutor.java:1378)
> at org.tlauncher.util.async.AsyncThread.execute(AsyncThread.java:17)
> at org.tlauncher.tlauncher.updater.client.Updater.asyncFindUpdate(Updater.java:96)
> at org.tlauncher.tlauncher.rmo.TLauncher.<init>(TLauncher.java:188)
> at org.tlauncher.tlauncher.rmo.TLauncher$$FastClassByGuice$$7106277c.newInstance(<generated>)
> at com.google.inject.internal.DefaultConstructionProxyFactory$FastClassProxy.newInstance(DefaultConstructionProxyFactory.java:89)
> at com.google.inject.internal.ConstructorInjector.provision(ConstructorInjector.java:111)
> at com.google.inject.internal.ConstructorInjector.construct(ConstructorInjector.java:90)
> at com.google.inject.internal.ConstructorBindingImpl$Factory.get(ConstructorBindingImpl.java:268)
> at com.google.inject.internal.InjectorImpl$2$1.call(InjectorImpl.java:1019)
> at com.google.inject.internal.InjectorImpl.callInContext(InjectorImpl.java:1092)
> at com.google.inject.internal.InjectorImpl$2.get(InjectorImpl.java:1015)
> at com.google.inject.assistedinject.FactoryProvider2.invoke(FactoryProvider2.java:776)
> at com.sun.proxy.$Proxy9.create(Unknown Source)
> at org.tlauncher.util.guice.GuiceModule.getTlauncher(GuiceModule.java:151)
> at org.tlauncher.util.guice.GuiceModule$$FastClassByGuice$$58e5bf0.invoke(<generated>)
> ... and 14 more
> 
> [REPO][SERVER_LIST_REPO] Failed: Repo is not reachable!
> java.net.UnknownHostException: tlauncher.org
> at sun.reflect.NativeConstructorAccessorImpl.newInstance0(Native Method)
> at sun.reflect.NativeConstructorAccessorImpl.newInstance(NativeConstructorAccessorImpl.java:62)
> at sun.reflect.DelegatingConstructorAccessorImpl.newInstance(DelegatingConstructorAccessorImpl.java:45)
> at java.lang.reflect.Constructor.newInstance(Constructor.java:423)
> at sun.net.www.protocol.http.HttpURLConnection$10.run(HttpURLConnection.java:1950)
> at sun.net.www.protocol.http.HttpURLConnection$10.run(HttpURLConnection.java:1945)
> at java.security.AccessController.doPrivileged(Native Method)
> at sun.net.www.protocol.http.HttpURLConnection.getChainedException(HttpURLConnection.java:1944)
> at sun.net.www.protocol.http.HttpURLConnection.getInputStream0(HttpURLConnection.java:1514)
> at sun.net.www.protocol.http.HttpURLConnection.getInputStream(HttpURLConnection.java:1498)
> at sun.net.www.protocol.https.HttpsURLConnectionImpl.getInputStream(HttpsURLConnectionImpl.java:268)
> at net.minecraft.launcher.Http.performGet(Http.java:76)
> at org.tlauncher.tlauncher.repository.Repo.getUrl0(Repo.java:62)
> at org.tlauncher.tlauncher.repository.Repo.getUrl(Repo.java:87)
> at org.tlauncher.tlauncher.managers.ServerListManager.refresh(ServerListManager.java:23)
> at java.util.concurrent.ThreadPoolExecutor.runWorker(ThreadPoolExecutor.java:1149)
> at java.util.concurrent.ThreadPoolExecutor$Worker.run(ThreadPoolExecutor.java:624)
> at org.tlauncher.util.async.RunnableThread.run(RunnableThread.java:15)
> Caused by: java.net.UnknownHostException: tlauncher.org
> at java.net.AbstractPlainSocketImpl.connect(AbstractPlainSocketImpl.java:196)
> at java.net.PlainSocketImpl.connect(PlainSocketImpl.java:162)
> at java.net.SocksSocketImpl.connect(SocksSocketImpl.java:394)
> at java.net.Socket.connect(Socket.java:606)
> at sun.security.ssl.SSLSocketImpl.connect(SSLSocketImpl.java:287)
> at sun.net.NetworkClient.doConnect(NetworkClient.java:175)
> at sun.net.www.http.HttpClient.openServer(HttpClient.java:463)
> at sun.net.www.http.HttpClient.openServer(HttpClient.java:558)
> at sun.net.www.protocol.https.HttpsClient.<init>(HttpsClient.java:292)
> at sun.net.www.protocol.https.HttpsClient.New(HttpsClient.java:395)
> at sun.net.www.protocol.https.AbstractDelegateHttpsURLConnection.getNewHttpClient(AbstractDelegateHttpsURLConnection.java:191)
> at sun.net.www.protocol.http.HttpURLConnection.plainConnect0(HttpURLConnection.java:1205)
> at sun.net.www.protocol.http.HttpURLConnection.plainConnect(HttpURLConnection.java:1056)
> at sun.net.www.protocol.https.AbstractDelegateHttpsURLConnection.connect(AbstractDelegateHttpsURLConnection.java:177)
> at sun.net.www.protocol.http.HttpURLConnection.getInputStream0(HttpURLConnection.java:1570)
> at sun.net.www.protocol.http.HttpURLConnection.getInputStream(HttpURLConnection.java:1498)
> at sun.net.www.protocol.http.HttpURLConnection.getHeaderField(HttpURLConnection.java:3061)
> at java.net.URLConnection.getContentType(URLConnection.java:511)
> at sun.net.www.protocol.https.HttpsURLConnectionImpl.getContentType(HttpsURLConnectionImpl.java:420)
> at net.minecraft.launcher.Http.performGet(Http.java:70)
> at org.tlauncher.tlauncher.repository.Repo.getUrl0(Repo.java:62)
> at org.tlauncher.tlauncher.repository.Repo.getUrl(Repo.java:87)
> at org.tlauncher.tlauncher.managers.ServerListManager.refresh(ServerListManager.java:23)
> at java.util.concurrent.ThreadPoolExecutor.runWorker(ThreadPoolExecutor.java:1149)
> at java.util.concurrent.ThreadPoolExecutor$Worker.run(ThreadPoolExecutor.java:624)
> at org.tlauncher.util.async.RunnableThread.run(RunnableThread.java:15)
> Thread called by: org.tlauncher.util.async.ExtendedThread$ExtendedThreadCaller
> at org.tlauncher.util.async.ExtendedThread.<init>(ExtendedThread.java:17)
> at org.tlauncher.util.async.ExtendedThread.<init>(ExtendedThread.java:21)
> at org.tlauncher.util.async.RunnableThread.<init>(RunnableThread.java:7)
> at org.tlauncher.util.async.AsyncThread$1.newThread(AsyncThread.java:12)
> at java.util.concurrent.ThreadPoolExecutor$Worker.<init>(ThreadPoolExecutor.java:619)
> at java.util.concurrent.ThreadPoolExecutor.addWorker(ThreadPoolExecutor.java:932)
> at java.util.concurrent.ThreadPoolExecutor.execute(ThreadPoolExecutor.java:1378)
> at org.tlauncher.util.async.AsyncThread.execute(AsyncThread.java:17)
> at org.tlauncher.tlauncher.updater.client.Updater.asyncFindUpdate(Updater.java:96)
> at org.tlauncher.tlauncher.rmo.TLauncher.<init>(TLauncher.java:188)
> at org.tlauncher.tlauncher.rmo.TLauncher$$FastClassByGuice$$7106277c.newInstance(<generated>)
> at com.google.inject.internal.DefaultConstructionProxyFactory$FastClassProxy.newInstance(DefaultConstructionProxyFactory.java:89)
> at com.google.inject.internal.ConstructorInjector.provision(ConstructorInjector.java:111)
> at com.google.inject.internal.ConstructorInjector.construct(ConstructorInjector.java:90)
> at com.google.inject.internal.ConstructorBindingImpl$Factory.get(ConstructorBindingImpl.java:268)
> at com.google.inject.internal.InjectorImpl$2$1.call(InjectorImpl.java:1019)
> at com.google.inject.internal.InjectorImpl.callInContext(InjectorImpl.java:1092)
> at com.google.inject.internal.InjectorImpl$2.get(InjectorImpl.java:1015)
> at com.google.inject.assistedinject.FactoryProvider2.invoke(FactoryProvider2.java:776)
> at com.sun.proxy.$Proxy9.create(Unknown Source)
> at org.tlauncher.util.guice.GuiceModule.getTlauncher(GuiceModule.java:151)
> at org.tlauncher.util.guice.GuiceModule$$FastClassByGuice$$58e5bf0.invoke(<generated>)
> ... and 14 more
> 
> [REPO][SERVER_LIST_REPO] Failed: Repo is not reachable!
> java.net.UnknownHostException: advancedrepository.com
> at sun.reflect.NativeConstructorAccessorImpl.newInstance0(Native Method)
> at sun.reflect.NativeConstructorAccessorImpl.newInstance(NativeConstructorAccessorImpl.java:62)
> at sun.reflect.DelegatingConstructorAccessorImpl.newInstance(DelegatingConstructorAccessorImpl.java:45)
> at java.lang.reflect.Constructor.newInstance(Constructor.java:423)
> at sun.net.www.protocol.http.HttpURLConnection$10.run(HttpURLConnection.java:1950)
> at sun.net.www.protocol.http.HttpURLConnection$10.run(HttpURLConnection.java:1945)
> at java.security.AccessController.doPrivileged(Native Method)
> at sun.net.www.protocol.http.HttpURLConnection.getChainedException(HttpURLConnection.java:1944)
> at sun.net.www.protocol.http.HttpURLConnection.getInputStream0(HttpURLConnection.java:1514)
> at sun.net.www.protocol.http.HttpURLConnection.getInputStream(HttpURLConnection.java:1498)
> at net.minecraft.launcher.Http.performGet(Http.java:76)
> at org.tlauncher.tlauncher.repository.Repo.getUrl0(Repo.java:62)
> at org.tlauncher.tlauncher.repository.Repo.getUrl(Repo.java:87)
> at org.tlauncher.tlauncher.managers.ServerListManager.refresh(ServerListManager.java:23)
> at java.util.concurrent.ThreadPoolExecutor.runWorker(ThreadPoolExecutor.java:1149)
> at java.util.concurrent.ThreadPoolExecutor$Worker.run(ThreadPoolExecutor.java:624)
> at org.tlauncher.util.async.RunnableThread.run(RunnableThread.java:15)
> Caused by: java.net.UnknownHostException: advancedrepository.com
> at java.net.AbstractPlainSocketImpl.connect(AbstractPlainSocketImpl.java:196)
> at java.net.PlainSocketImpl.connect(PlainSocketImpl.java:162)
> at java.net.SocksSocketImpl.connect(SocksSocketImpl.java:394)
> at java.net.Socket.connect(Socket.java:606)
> at sun.net.NetworkClient.doConnect(NetworkClient.java:175)
> at sun.net.www.http.HttpClient.openServer(HttpClient.java:463)
> at sun.net.www.http.HttpClient.openServer(HttpClient.java:558)
> at sun.net.www.http.HttpClient.<init>(HttpClient.java:242)
> at sun.net.www.http.HttpClient.New(HttpClient.java:339)
> at sun.net.www.http.HttpClient.New(HttpClient.java:357)
> at sun.net.www.protocol.http.HttpURLConnection.getNewHttpClient(HttpURLConnection.java:1226)
> at sun.net.www.protocol.http.HttpURLConnection.plainConnect0(HttpURLConnection.java:1205)
> at sun.net.www.protocol.http.HttpURLConnection.plainConnect(HttpURLConnection.java:1056)
> at sun.net.www.protocol.http.HttpURLConnection.connect(HttpURLConnection.java:990)
> at sun.net.www.protocol.http.HttpURLConnection.getInputStream0(HttpURLConnection.java:1570)
> at sun.net.www.protocol.http.HttpURLConnection.getInputStream(HttpURLConnection.java:1498)
> at sun.net.www.protocol.http.HttpURLConnection.getHeaderField(HttpURLConnection.java:3061)
> at java.net.URLConnection.getContentType(URLConnection.java:511)
> at net.minecraft.launcher.Http.performGet(Http.java:70)
> at org.tlauncher.tlauncher.repository.Repo.getUrl0(Repo.java:62)
> at org.tlauncher.tlauncher.repository.Repo.getUrl(Repo.java:87)
> at org.tlauncher.tlauncher.managers.ServerListManager.refresh(ServerListManager.java:23)
> at java.util.concurrent.ThreadPoolExecutor.runWorker(ThreadPoolExecutor.java:1149)
> at java.util.concurrent.ThreadPoolExecutor$Worker.run(ThreadPoolExecutor.java:624)
> at org.tlauncher.util.async.RunnableThread.run(RunnableThread.java:15)
> Thread called by: org.tlauncher.util.async.ExtendedThread$ExtendedThreadCaller
> at org.tlauncher.util.async.ExtendedThread.<init>(ExtendedThread.java:17)
> at org.tlauncher.util.async.ExtendedThread.<init>(ExtendedThread.java:21)
> at org.tlauncher.util.async.RunnableThread.<init>(RunnableThread.java:7)
> at org.tlauncher.util.async.AsyncThread$1.newThread(AsyncThread.java:12)
> at java.util.concurrent.ThreadPoolExecutor$Worker.<init>(ThreadPoolExecutor.java:619)
> at java.util.concurrent.ThreadPoolExecutor.addWorker(ThreadPoolExecutor.java:932)
> at java.util.concurrent.ThreadPoolExecutor.execute(ThreadPoolExecutor.java:1378)
> at org.tlauncher.util.async.AsyncThread.execute(AsyncThread.java:17)
> at org.tlauncher.tlauncher.updater.client.Updater.asyncFindUpdate(Updater.java:96)
> at org.tlauncher.tlauncher.rmo.TLauncher.<init>(TLauncher.java:188)
> at org.tlauncher.tlauncher.rmo.TLauncher$$FastClassByGuice$$7106277c.newInstance(<generated>)
> at com.google.inject.internal.DefaultConstructionProxyFactory$FastClassProxy.newInstance(DefaultConstructionProxyFactory.java:89)
> at com.google.inject.internal.ConstructorInjector.provision(ConstructorInjector.java:111)
> at com.google.inject.internal.ConstructorInjector.construct(ConstructorInjector.java:90)
> at com.google.inject.internal.ConstructorBindingImpl$Factory.get(ConstructorBindingImpl.java:268)
> at com.google.inject.internal.InjectorImpl$2$1.call(InjectorImpl.java:1019)
> at com.google.inject.internal.InjectorImpl.callInContext(InjectorImpl.java:1092)
> at com.google.inject.internal.InjectorImpl$2.get(InjectorImpl.java:1015)
> at com.google.inject.assistedinject.FactoryProvider2.invoke(FactoryProvider2.java:776)
> at com.sun.proxy.$Proxy9.create(Unknown Source)
> at org.tlauncher.util.guice.GuiceModule.getTlauncher(GuiceModule.java:151)
> at org.tlauncher.util.guice.GuiceModule$$FastClassByGuice$$58e5bf0.invoke(<generated>)
> ... and 14 more
> 
> [REPO][SERVER_LIST_REPO] Failed: All repos are unreachable.
> [JFXStartPageLoader]  start load page: 127.0.0.1index_ru.html
> [JFXStartPageLoader]  fail load page: 127.0.0.1index_ru.html
> [Browser] Running in JavaFX Thread
> [Browser] Preparing JavaFX...
> [Browser] Initializing...
> [Browser@1508106875] Failed to load: "127.0.0.1index_ru.html"
> [Swing] Favicons loaded: 256px, 128px, 96px, 64px, 48px, 32px, 24px, 16px
> [JFXStartPageLoader]  start load page: 127.0.0.1index_ru.html
> [Browser@1508106875] Loading: ""
> [Loading] PREPARING_MAINPANE
> [JFXStartPageLoader]  succeeded load page: 127.0.0.1index_ru.html during 0
> [Browser@1508106875] Loaded successfully: ""
> [Browser] add listens into server_choose
> [Browser] finished listens into server_choose
> [Downloader2] Loaded configuration: good
> [Loading] POSTINIT_GUI
> [Frame] Packing main frame...
> [Frame] Resizing main pane...
> Updater is already closed. Showing up...
> Visibility set.
> [Loading] REFRESHING_INFO
> Started! (6590 ms.)
> [Loading] SUCCESS
[Bootstrapper] I can be terminated now: 0
